<?xml version="1.0" encoding="UTF-8"?>
<!-- Generated by org.testng.reporters.JUnitReportReporter -->
<testsuite hostname="DESKTOP-5N0ON6M" failures="0" tests="2" name="com.flight.qa.testcases.Testcase1Sample" time="51.977" errors="0" timestamp="2023-03-03T15:37:56 IST" skipped="0">
  <testcase classname="com.flight.qa.testcases.Testcase1Sample" name="LaunchBrowser" time="1.809"/>
  <system-out/>
  <testcase classname="com.flight.qa.testcases.Testcase1Sample" name="Loginpage" time="50.168"/>
  <system-out/>
</testsuite> <!-- com.flight.qa.testcases.Testcase1Sample -->
